2026-04-24 14:36:49,736 [INFO] aiogram.dispatcher: Start polling
2026-04-24 14:36:50,447 [INFO] aiogram.dispatcher: Run polling for bot @currency_sniper_bot id=8776880037 - 'USDT Sniper'
2026-04-24 14:36:53,023 [ERROR] services.monitor: Ошибка монитора: load_users() missing 1 required positional argument: 'conn'
Traceback (most recent call last):
  File "/Users/se/Desktop/currency_sniper_bot/services/monitor.py", line 128, in monitor_loop
    users = await repo.get_all_users()
  File "/Users/se/Desktop/currency_sniper_bot/repository/user_repository.py", line 36, in get_all_users
    users = await db_load_users()
TypeError: load_users() missing 1 required positional argument: 'conn'
2026-04-24 14:36:57,620 [INFO] aiogram.event: Update id=530032733 is handled. Duration 991 ms by bot id=8776880037
2026-04-24 14:37:19,669 [INFO] aiogram.event: Update id=530032734 is not handled. Duration 12 ms by bot id=8776880037
2026-04-24 14:37:19,669 [ERROR] aiogram.event: Cause exception while process update id=530032734 by bot id=8776880037
TypeError: string indices must be integers
Traceback (most recent call last):
  File "/Users/se/Desktop/currency_sniper_bot/venv/lib/python3.9/site-packages/aiogram/dispatcher/dispatcher.py", line 309, in _process_update
    response = await self.feed_update(bot, update, **kwargs)
  File "/Users/se/Desktop/currency_sniper_bot/venv/lib/python3.9/site-packages/aiogram/dispatcher/dispatcher.py", line 158, in feed_update
    response = await self.update.wrap_outer_middleware(
  File "/Users/se/Desktop/currency_sniper_bot/venv/lib/python3.9/site-packages/aiogram/dispatcher/middlewares/error.py", line 25, in __call__
    return await handler(event, data)
  File "/Users/se/Desktop/currency_sniper_bot/venv/lib/python3.9/site-packages/aiogram/dispatcher/middlewares/user_context.py", line 56, in __call__
    return await handler(event, data)
  File "/Users/se/Desktop/currency_sniper_bot/venv/lib/python3.9/site-packages/aiogram/fsm/middleware.py", line 42, in __call__
    return await handler(event, data)
  File "/Users/se/Desktop/currency_sniper_bot/venv/lib/python3.9/site-packages/aiogram/dispatcher/event/telegram.py", line 121, in trigger
    return await wrapped_inner(event, kwargs)
  File "/Users/se/Desktop/currency_sniper_bot/venv/lib/python3.9/site-packages/aiogram/dispatcher/event/handler.py", line 43, in call
    return await wrapped()
  File "/Users/se/Desktop/currency_sniper_bot/venv/lib/python3.9/site-packages/aiogram/dispatcher/dispatcher.py", line 276, in _listen_update
    return await self.propagate_event(update_type=update_type, event=event, **kwargs)
  File "/Users/se/Desktop/currency_sniper_bot/venv/lib/python3.9/site-packages/aiogram/dispatcher/router.py", line 146, in propagate_event
    return await observer.wrap_outer_middleware(_wrapped, event=event, data=kwargs)
  File "/Users/se/Desktop/currency_sniper_bot/venv/lib/python3.9/site-packages/aiogram/dispatcher/router.py", line 141, in _wrapped
    return await self._propagate_event(
  File "/Users/se/Desktop/currency_sniper_bot/venv/lib/python3.9/site-packages/aiogram/dispatcher/router.py", line 174, in _propagate_event
    response = await router.propagate_event(update_type=update_type, event=event, **kwargs)
  File "/Users/se/Desktop/currency_sniper_bot/venv/lib/python3.9/site-packages/aiogram/dispatcher/router.py", line 146, in propagate_event
    return await observer.wrap_outer_middleware(_wrapped, event=event, data=kwargs)
  File "/Users/se/Desktop/currency_sniper_bot/venv/lib/python3.9/site-packages/aiogram/dispatcher/router.py", line 141, in _wrapped
    return await self._propagate_event(
  File "/Users/se/Desktop/currency_sniper_bot/venv/lib/python3.9/site-packages/aiogram/dispatcher/router.py", line 166, in _propagate_event
    response = await observer.trigger(event, **kwargs)
  File "/Users/se/Desktop/currency_sniper_bot/venv/lib/python3.9/site-packages/aiogram/dispatcher/event/telegram.py", line 121, in trigger
    return await wrapped_inner(event, kwargs)
  File "/Users/se/Desktop/currency_sniper_bot/middlewares/repo_middleware.py", line 11, in __call__
    return await handler(event, data)
  File "/Users/se/Desktop/currency_sniper_bot/venv/lib/python3.9/site-packages/aiogram/dispatcher/event/handler.py", line 43, in call
    return await wrapped()
  File "/Users/se/Desktop/currency_sniper_bot/handlers/alerts.py", line 160, in show_user_alerts
    user = await repo.get_user(telegram_user_id, message.from_user.username or "")
  File "/Users/se/Desktop/currency_sniper_bot/repository/user_repository.py", line 26, in get_user
    user = await db_get_user(telegram_user_id, username)
  File "/Users/se/Desktop/currency_sniper_bot/services/storage.py", line 151, in get_user
    user.alerts = await get_alerts(conn, telegram_user_id)
  File "/Users/se/Desktop/currency_sniper_bot/services/storage.py", line 133, in get_alerts
    alert = row_to_alert(row)
  File "/Users/se/Desktop/currency_sniper_bot/services/storage.py", line 116, in row_to_alert
    alert = P2PMerchantAlert(alert_id=alert_id, user_id=user_id, active=active, zone_percent=zone_percent, created_at=created_at, last_triggered_price=last_triggered_price, last_triggered_at=last_triggered_at, minimum_completed_orders=data["minimum_completed_orders"], completion_rate=data["completion_rate"], exchange=data["exchange"], required_banks=data["required_banks"])
TypeError: string indices must be integers
2026-04-24 14:37:57,183 [ERROR] services.monitor: Ошибка монитора: load_users() missing 1 required positional argument: 'conn'
Traceback (most recent call last):
  File "/Users/se/Desktop/currency_sniper_bot/services/monitor.py", line 128, in monitor_loop
    users = await repo.get_all_users()
  File "/Users/se/Desktop/currency_sniper_bot/repository/user_repository.py", line 36, in get_all_users
    users = await db_load_users()
TypeError: load_users() missing 1 required positional argument: 'conn'
2026-04-24 14:39:00,256 [ERROR] services.monitor: Ошибка монитора: load_users() missing 1 required positional argument: 'conn'
Traceback (most recent call last):
  File "/Users/se/Desktop/currency_sniper_bot/services/monitor.py", line 128, in monitor_loop
    users = await repo.get_all_users()
  File "/Users/se/Desktop/currency_sniper_bot/repository/user_repository.py", line 36, in get_all_users
    users = await db_load_users()
TypeError: load_users() missing 1 required positional argument: 'conn'
2026-04-24 14:40:03,026 [ERROR] services.monitor: Ошибка монитора: load_users() missing 1 required positional argument: 'conn'
Traceback (most recent call last):
  File "/Users/se/Desktop/currency_sniper_bot/services/monitor.py", line 128, in monitor_loop
    users = await repo.get_all_users()
  File "/Users/se/Desktop/currency_sniper_bot/repository/user_repository.py", line 36, in get_all_users
    users = await db_load_users()
TypeError: load_users() missing 1 required positional argument: 'conn'
2026-04-24 14:41:07,106 [ERROR] services.monitor: Ошибка монитора: load_users() missing 1 required positional argument: 'conn'
Traceback (most recent call last):
  File "/Users/se/Desktop/currency_sniper_bot/services/monitor.py", line 128, in monitor_loop
    users = await repo.get_all_users()
  File "/Users/se/Desktop/currency_sniper_bot/repository/user_repository.py", line 36, in get_all_users
    users = await db_load_users()
TypeError: load_users() missing 1 required positional argument: 'conn'
2026-04-24 14:42:08,364 [INFO] aiogram.dispatcher: Start polling
2026-04-24 14:42:09,044 [INFO] aiogram.dispatcher: Run polling for bot @currency_sniper_bot id=8776880037 - 'USDT Sniper'
2026-04-24 14:42:10,134 [INFO] aiogram.event: Update id=530032735 is handled. Duration 904 ms by bot id=8776880037
2026-04-24 14:42:11,167 [ERROR] services.monitor: Ошибка монитора: dictionary update sequence element #0 has length 1; 2 is required
Traceback (most recent call last):
  File "/Users/se/Desktop/currency_sniper_bot/services/monitor.py", line 128, in monitor_loop
    users = await repo.get_all_users()
  File "/Users/se/Desktop/currency_sniper_bot/repository/user_repository.py", line 37, in get_all_users
    users = await db_load_users(conn)
  File "/Users/se/Desktop/currency_sniper_bot/services/storage.py", line 80, in load_users
    alerts[row["user_id"]].append(row_to_alert(row))
  File "/Users/se/Desktop/currency_sniper_bot/services/storage.py", line 109, in row_to_alert
    data = dict(row["data"])
ValueError: dictionary update sequence element #0 has length 1; 2 is required
2026-04-24 14:42:12,739 [INFO] aiogram.event: Update id=530032736 is not handled. Duration 5 ms by bot id=8776880037
2026-04-24 14:42:12,739 [ERROR] aiogram.event: Cause exception while process update id=530032736 by bot id=8776880037
ValueError: dictionary update sequence element #0 has length 1; 2 is required
Traceback (most recent call last):
  File "/Users/se/Desktop/currency_sniper_bot/venv/lib/python3.9/site-packages/aiogram/dispatcher/dispatcher.py", line 309, in _process_update
    response = await self.feed_update(bot, update, **kwargs)
  File "/Users/se/Desktop/currency_sniper_bot/venv/lib/python3.9/site-packages/aiogram/dispatcher/dispatcher.py", line 158, in feed_update
    response = await self.update.wrap_outer_middleware(
  File "/Users/se/Desktop/currency_sniper_bot/venv/lib/python3.9/site-packages/aiogram/dispatcher/middlewares/error.py", line 25, in __call__
    return await handler(event, data)
  File "/Users/se/Desktop/currency_sniper_bot/venv/lib/python3.9/site-packages/aiogram/dispatcher/middlewares/user_context.py", line 56, in __call__
    return await handler(event, data)
  File "/Users/se/Desktop/currency_sniper_bot/venv/lib/python3.9/site-packages/aiogram/fsm/middleware.py", line 42, in __call__
    return await handler(event, data)
  File "/Users/se/Desktop/currency_sniper_bot/venv/lib/python3.9/site-packages/aiogram/dispatcher/event/telegram.py", line 121, in trigger
    return await wrapped_inner(event, kwargs)
  File "/Users/se/Desktop/currency_sniper_bot/venv/lib/python3.9/site-packages/aiogram/dispatcher/event/handler.py", line 43, in call
    return await wrapped()
  File "/Users/se/Desktop/currency_sniper_bot/venv/lib/python3.9/site-packages/aiogram/dispatcher/dispatcher.py", line 276, in _listen_update
    return await self.propagate_event(update_type=update_type, event=event, **kwargs)
  File "/Users/se/Desktop/currency_sniper_bot/venv/lib/python3.9/site-packages/aiogram/dispatcher/router.py", line 146, in propagate_event
    return await observer.wrap_outer_middleware(_wrapped, event=event, data=kwargs)
  File "/Users/se/Desktop/currency_sniper_bot/venv/lib/python3.9/site-packages/aiogram/dispatcher/router.py", line 141, in _wrapped
    return await self._propagate_event(
  File "/Users/se/Desktop/currency_sniper_bot/venv/lib/python3.9/site-packages/aiogram/dispatcher/router.py", line 174, in _propagate_event
    response = await router.propagate_event(update_type=update_type, event=event, **kwargs)
  File "/Users/se/Desktop/currency_sniper_bot/venv/lib/python3.9/site-packages/aiogram/dispatcher/router.py", line 146, in propagate_event
    return await observer.wrap_outer_middleware(_wrapped, event=event, data=kwargs)
  File "/Users/se/Desktop/currency_sniper_bot/venv/lib/python3.9/site-packages/aiogram/dispatcher/router.py", line 141, in _wrapped
    return await self._propagate_event(
  File "/Users/se/Desktop/currency_sniper_bot/venv/lib/python3.9/site-packages/aiogram/dispatcher/router.py", line 166, in _propagate_event
    response = await observer.trigger(event, **kwargs)
  File "/Users/se/Desktop/currency_sniper_bot/venv/lib/python3.9/site-packages/aiogram/dispatcher/event/telegram.py", line 121, in trigger
    return await wrapped_inner(event, kwargs)
  File "/Users/se/Desktop/currency_sniper_bot/middlewares/repo_middleware.py", line 11, in __call__
    return await handler(event, data)
  File "/Users/se/Desktop/currency_sniper_bot/venv/lib/python3.9/site-packages/aiogram/dispatcher/event/handler.py", line 43, in call
    return await wrapped()
  File "/Users/se/Desktop/currency_sniper_bot/handlers/alerts.py", line 160, in show_user_alerts
    user = await repo.get_user(telegram_user_id, message.from_user.username or "")
  File "/Users/se/Desktop/currency_sniper_bot/repository/user_repository.py", line 26, in get_user
    user = await db_get_user(telegram_user_id, username)
  File "/Users/se/Desktop/currency_sniper_bot/services/storage.py", line 151, in get_user
    user.alerts = await get_alerts(conn, telegram_user_id)
  File "/Users/se/Desktop/currency_sniper_bot/services/storage.py", line 133, in get_alerts
    alert = row_to_alert(row)
  File "/Users/se/Desktop/currency_sniper_bot/services/storage.py", line 109, in row_to_alert
    data = dict(row["data"])
ValueError: dictionary update sequence element #0 has length 1; 2 is required
2026-04-24 14:43:14,053 [ERROR] services.monitor: Ошибка монитора: dictionary update sequence element #0 has length 1; 2 is required
Traceback (most recent call last):
  File "/Users/se/Desktop/currency_sniper_bot/services/monitor.py", line 128, in monitor_loop
    users = await repo.get_all_users()
  File "/Users/se/Desktop/currency_sniper_bot/repository/user_repository.py", line 37, in get_all_users
    users = await db_load_users(conn)
  File "/Users/se/Desktop/currency_sniper_bot/services/storage.py", line 80, in load_users
    alerts[row["user_id"]].append(row_to_alert(row))
  File "/Users/se/Desktop/currency_sniper_bot/services/storage.py", line 109, in row_to_alert
    data = dict(row["data"])
ValueError: dictionary update sequence element #0 has length 1; 2 is required
2026-04-24 14:43:54,169 [INFO] aiogram.dispatcher: Start polling
2026-04-24 14:43:54,834 [INFO] aiogram.dispatcher: Run polling for bot @currency_sniper_bot id=8776880037 - 'USDT Sniper'
2026-04-24 14:43:55,887 [INFO] aiogram.event: Update id=530032737 is handled. Duration 909 ms by bot id=8776880037
2026-04-24 14:43:56,832 [ERROR] services.monitor: Ошибка монитора: string indices must be integers
Traceback (most recent call last):
  File "/Users/se/Desktop/currency_sniper_bot/services/monitor.py", line 128, in monitor_loop
    users = await repo.get_all_users()
  File "/Users/se/Desktop/currency_sniper_bot/repository/user_repository.py", line 37, in get_all_users
    users = await db_load_users(conn)
  File "/Users/se/Desktop/currency_sniper_bot/services/storage.py", line 80, in load_users
    alerts[row["user_id"]].append(row_to_alert(row))
  File "/Users/se/Desktop/currency_sniper_bot/services/storage.py", line 116, in row_to_alert
    alert = P2PMerchantAlert(alert_id=alert_id, user_id=user_id, active=active, zone_percent=zone_percent, created_at=created_at, last_triggered_price=last_triggered_price, last_triggered_at=last_triggered_at, minimum_completed_orders=data["minimum_completed_orders"], completion_rate=data["completion_rate"], exchange=data["exchange"], required_banks=data["required_banks"])
TypeError: string indices must be integers
2026-04-24 14:44:59,896 [ERROR] services.monitor: Ошибка монитора: string indices must be integers
Traceback (most recent call last):
  File "/Users/se/Desktop/currency_sniper_bot/services/monitor.py", line 128, in monitor_loop
    users = await repo.get_all_users()
  File "/Users/se/Desktop/currency_sniper_bot/repository/user_repository.py", line 37, in get_all_users
    users = await db_load_users(conn)
  File "/Users/se/Desktop/currency_sniper_bot/services/storage.py", line 80, in load_users
    alerts[row["user_id"]].append(row_to_alert(row))
  File "/Users/se/Desktop/currency_sniper_bot/services/storage.py", line 116, in row_to_alert
    alert = P2PMerchantAlert(alert_id=alert_id, user_id=user_id, active=active, zone_percent=zone_percent, created_at=created_at, last_triggered_price=last_triggered_price, last_triggered_at=last_triggered_at, minimum_completed_orders=data["minimum_completed_orders"], completion_rate=data["completion_rate"], exchange=data["exchange"], required_banks=data["required_banks"])
TypeError: string indices must be integers
2026-04-24 14:45:22,762 [INFO] aiogram.dispatcher: Start polling
2026-04-24 14:45:23,423 [INFO] aiogram.dispatcher: Run polling for bot @currency_sniper_bot id=8776880037 - 'USDT Sniper'
2026-04-24 14:45:24,523 [INFO] aiogram.event: Update id=530032738 is handled. Duration 945 ms by bot id=8776880037
2026-04-24 14:45:25,364 [ERROR] services.monitor: Ошибка монитора: 'completion_rate'
Traceback (most recent call last):
  File "/Users/se/Desktop/currency_sniper_bot/services/monitor.py", line 128, in monitor_loop
    users = await repo.get_all_users()
  File "/Users/se/Desktop/currency_sniper_bot/repository/user_repository.py", line 37, in get_all_users
    users = await db_load_users(conn)
  File "/Users/se/Desktop/currency_sniper_bot/services/storage.py", line 80, in load_users
    alerts[row["user_id"]].append(row_to_alert(row))
  File "/Users/se/Desktop/currency_sniper_bot/services/storage.py", line 118, in row_to_alert
    alert = P2PMerchantAlert(alert_id=alert_id, user_id=user_id, active=active, zone_percent=zone_percent, created_at=created_at, last_triggered_price=last_triggered_price, last_triggered_at=last_triggered_at, minimum_completed_orders=data["minimum_completed_orders"], completion_rate=data["completion_rate"], exchange=data["exchange"], required_banks=data["required_banks"])
KeyError: 'completion_rate'
2026-04-24 14:45:32,678 [INFO] aiogram.event: Update id=530032739 is handled. Duration 566 ms by bot id=8776880037
2026-04-24 14:46:28,322 [ERROR] services.monitor: Ошибка монитора: 'completion_rate'
Traceback (most recent call last):
  File "/Users/se/Desktop/currency_sniper_bot/services/monitor.py", line 128, in monitor_loop
    users = await repo.get_all_users()
  File "/Users/se/Desktop/currency_sniper_bot/repository/user_repository.py", line 37, in get_all_users
    users = await db_load_users(conn)
  File "/Users/se/Desktop/currency_sniper_bot/services/storage.py", line 80, in load_users
    alerts[row["user_id"]].append(row_to_alert(row))
  File "/Users/se/Desktop/currency_sniper_bot/services/storage.py", line 118, in row_to_alert
    alert = P2PMerchantAlert(alert_id=alert_id, user_id=user_id, active=active, zone_percent=zone_percent, created_at=created_at, last_triggered_price=last_triggered_price, last_triggered_at=last_triggered_at, minimum_completed_orders=data["minimum_completed_orders"], completion_rate=data["completion_rate"], exchange=data["exchange"], required_banks=data["required_banks"])
KeyError: 'completion_rate'
2026-04-24 14:47:34,591 [INFO] aiogram.dispatcher: Start polling
2026-04-24 14:47:35,273 [INFO] aiogram.dispatcher: Run polling for bot @currency_sniper_bot id=8776880037 - 'USDT Sniper'
2026-04-24 14:47:42,334 [INFO] aiogram.event: Update id=530032740 is handled. Duration 972 ms by bot id=8776880037
2026-04-24 14:47:50,526 [INFO] aiogram.event: Update id=530032741 is handled. Duration 586 ms by bot id=8776880037
2026-04-24 14:47:55,703 [INFO] aiogram.event: Update id=530032742 is not handled. Duration 1 ms by bot id=8776880037
2026-04-24 14:47:55,704 [ERROR] aiogram.event: Cause exception while process update id=530032742 by bot id=8776880037
ValidationError: 1 validation error for AlertCallback
alert_id
  Input should be a valid string [type=string_type, input_value=UUID('d5f2fbb3-a9bc-4049-9280-2c060a33882d'), input_type=UUID]
    For further information visit https://errors.pydantic.dev/2.11/v/string_type
Traceback (most recent call last):
  File "/Users/se/Desktop/currency_sniper_bot/venv/lib/python3.9/site-packages/aiogram/dispatcher/dispatcher.py", line 309, in _process_update
    response = await self.feed_update(bot, update, **kwargs)
  File "/Users/se/Desktop/currency_sniper_bot/venv/lib/python3.9/site-packages/aiogram/dispatcher/dispatcher.py", line 158, in feed_update
    response = await self.update.wrap_outer_middleware(
  File "/Users/se/Desktop/currency_sniper_bot/venv/lib/python3.9/site-packages/aiogram/dispatcher/middlewares/error.py", line 25, in __call__
    return await handler(event, data)
  File "/Users/se/Desktop/currency_sniper_bot/venv/lib/python3.9/site-packages/aiogram/dispatcher/middlewares/user_context.py", line 56, in __call__
    return await handler(event, data)
  File "/Users/se/Desktop/currency_sniper_bot/venv/lib/python3.9/site-packages/aiogram/fsm/middleware.py", line 42, in __call__
    return await handler(event, data)
  File "/Users/se/Desktop/currency_sniper_bot/venv/lib/python3.9/site-packages/aiogram/dispatcher/event/telegram.py", line 121, in trigger
    return await wrapped_inner(event, kwargs)
  File "/Users/se/Desktop/currency_sniper_bot/venv/lib/python3.9/site-packages/aiogram/dispatcher/event/handler.py", line 43, in call
    return await wrapped()
  File "/Users/se/Desktop/currency_sniper_bot/venv/lib/python3.9/site-packages/aiogram/dispatcher/dispatcher.py", line 276, in _listen_update
    return await self.propagate_event(update_type=update_type, event=event, **kwargs)
  File "/Users/se/Desktop/currency_sniper_bot/venv/lib/python3.9/site-packages/aiogram/dispatcher/router.py", line 146, in propagate_event
    return await observer.wrap_outer_middleware(_wrapped, event=event, data=kwargs)
  File "/Users/se/Desktop/currency_sniper_bot/venv/lib/python3.9/site-packages/aiogram/dispatcher/router.py", line 141, in _wrapped
    return await self._propagate_event(
  File "/Users/se/Desktop/currency_sniper_bot/venv/lib/python3.9/site-packages/aiogram/dispatcher/router.py", line 174, in _propagate_event
    response = await router.propagate_event(update_type=update_type, event=event, **kwargs)
  File "/Users/se/Desktop/currency_sniper_bot/venv/lib/python3.9/site-packages/aiogram/dispatcher/router.py", line 146, in propagate_event
    return await observer.wrap_outer_middleware(_wrapped, event=event, data=kwargs)
  File "/Users/se/Desktop/currency_sniper_bot/venv/lib/python3.9/site-packages/aiogram/dispatcher/router.py", line 141, in _wrapped
    return await self._propagate_event(
  File "/Users/se/Desktop/currency_sniper_bot/venv/lib/python3.9/site-packages/aiogram/dispatcher/router.py", line 166, in _propagate_event
    response = await observer.trigger(event, **kwargs)
  File "/Users/se/Desktop/currency_sniper_bot/venv/lib/python3.9/site-packages/aiogram/dispatcher/event/telegram.py", line 121, in trigger
    return await wrapped_inner(event, kwargs)
  File "/Users/se/Desktop/currency_sniper_bot/middlewares/repo_middleware.py", line 11, in __call__
    return await handler(event, data)
  File "/Users/se/Desktop/currency_sniper_bot/venv/lib/python3.9/site-packages/aiogram/dispatcher/event/handler.py", line 43, in call
    return await wrapped()
  File "/Users/se/Desktop/currency_sniper_bot/handlers/alerts.py", line 174, in show_user_alerts
    await message.answer(show_alerts_page(user_alerts, 0, total_pages), reply_markup=swipe_alerts_keyboard(user_alerts, 0, total_pages), parse_mode="HTML")
  File "/Users/se/Desktop/currency_sniper_bot/handlers/keyboards.py", line 125, in swipe_alerts_keyboard
    toggle_buttons.append(InlineKeyboardButton(text=f"{icon} {i}", callback_data=AlertCallback(action="toggle", alert_id=alert.alert_id).pack()))
  File "/Users/se/Desktop/currency_sniper_bot/venv/lib/python3.9/site-packages/pydantic/main.py", line 253, in __init__
    validated_self = self.__pydantic_validator__.validate_python(data, self_instance=self)
pydantic_core._pydantic_core.ValidationError: 1 validation error for AlertCallback
alert_id
  Input should be a valid string [type=string_type, input_value=UUID('d5f2fbb3-a9bc-4049-9280-2c060a33882d'), input_type=UUID]
    For further information visit https://errors.pydantic.dev/2.11/v/string_type
2026-04-24 14:50:20,929 [WARNING] aiogram.dispatcher: Received SIGINT signal
2026-04-24 14:50:20,930 [INFO] aiogram.dispatcher: Polling stopped for bot @currency_sniper_bot id=8776880037 - 'USDT Sniper'
2026-04-24 14:50:20,931 [INFO] aiogram.dispatcher: Polling stopped
2026-04-24 14:50:22,535 [INFO] aiogram.dispatcher: Start polling
2026-04-24 14:50:23,202 [INFO] aiogram.dispatcher: Run polling for bot @currency_sniper_bot id=8776880037 - 'USDT Sniper'
2026-04-24 14:50:27,581 [INFO] aiogram.event: Update id=530032743 is handled. Duration 949 ms by bot id=8776880037
2026-04-24 14:50:29,106 [INFO] aiogram.event: Update id=530032744 is handled. Duration 335 ms by bot id=8776880037
2026-04-24 14:50:32,678 [INFO] aiogram.event: Update id=530032745 is not handled. Duration 1 ms by bot id=8776880037
2026-04-24 14:50:32,678 [ERROR] aiogram.event: Cause exception while process update id=530032745 by bot id=8776880037
TypeError: fromisoformat: argument must be str
Traceback (most recent call last):
  File "/Users/se/Desktop/currency_sniper_bot/venv/lib/python3.9/site-packages/aiogram/dispatcher/dispatcher.py", line 309, in _process_update
    response = await self.feed_update(bot, update, **kwargs)
  File "/Users/se/Desktop/currency_sniper_bot/venv/lib/python3.9/site-packages/aiogram/dispatcher/dispatcher.py", line 158, in feed_update
    response = await self.update.wrap_outer_middleware(
  File "/Users/se/Desktop/currency_sniper_bot/venv/lib/python3.9/site-packages/aiogram/dispatcher/middlewares/error.py", line 25, in __call__
    return await handler(event, data)
  File "/Users/se/Desktop/currency_sniper_bot/venv/lib/python3.9/site-packages/aiogram/dispatcher/middlewares/user_context.py", line 56, in __call__
    return await handler(event, data)
  File "/Users/se/Desktop/currency_sniper_bot/venv/lib/python3.9/site-packages/aiogram/fsm/middleware.py", line 42, in __call__
    return await handler(event, data)
  File "/Users/se/Desktop/currency_sniper_bot/venv/lib/python3.9/site-packages/aiogram/dispatcher/event/telegram.py", line 121, in trigger
    return await wrapped_inner(event, kwargs)
  File "/Users/se/Desktop/currency_sniper_bot/venv/lib/python3.9/site-packages/aiogram/dispatcher/event/handler.py", line 43, in call
    return await wrapped()
  File "/Users/se/Desktop/currency_sniper_bot/venv/lib/python3.9/site-packages/aiogram/dispatcher/dispatcher.py", line 276, in _listen_update
    return await self.propagate_event(update_type=update_type, event=event, **kwargs)
  File "/Users/se/Desktop/currency_sniper_bot/venv/lib/python3.9/site-packages/aiogram/dispatcher/router.py", line 146, in propagate_event
    return await observer.wrap_outer_middleware(_wrapped, event=event, data=kwargs)
  File "/Users/se/Desktop/currency_sniper_bot/venv/lib/python3.9/site-packages/aiogram/dispatcher/router.py", line 141, in _wrapped
    return await self._propagate_event(
  File "/Users/se/Desktop/currency_sniper_bot/venv/lib/python3.9/site-packages/aiogram/dispatcher/router.py", line 174, in _propagate_event
    response = await router.propagate_event(update_type=update_type, event=event, **kwargs)
  File "/Users/se/Desktop/currency_sniper_bot/venv/lib/python3.9/site-packages/aiogram/dispatcher/router.py", line 146, in propagate_event
    return await observer.wrap_outer_middleware(_wrapped, event=event, data=kwargs)
  File "/Users/se/Desktop/currency_sniper_bot/venv/lib/python3.9/site-packages/aiogram/dispatcher/router.py", line 141, in _wrapped
    return await self._propagate_event(
  File "/Users/se/Desktop/currency_sniper_bot/venv/lib/python3.9/site-packages/aiogram/dispatcher/router.py", line 166, in _propagate_event
    response = await observer.trigger(event, **kwargs)
  File "/Users/se/Desktop/currency_sniper_bot/venv/lib/python3.9/site-packages/aiogram/dispatcher/event/telegram.py", line 121, in trigger
    return await wrapped_inner(event, kwargs)
  File "/Users/se/Desktop/currency_sniper_bot/middlewares/repo_middleware.py", line 11, in __call__
    return await handler(event, data)
  File "/Users/se/Desktop/currency_sniper_bot/venv/lib/python3.9/site-packages/aiogram/dispatcher/event/handler.py", line 43, in call
    return await wrapped()
  File "/Users/se/Desktop/currency_sniper_bot/handlers/alerts.py", line 269, in toggle_alert
    await repo.save_alert(alert)
  File "/Users/se/Desktop/currency_sniper_bot/repository/user_repository.py", line 61, in save_alert
    await db_save_alert(conn, alert)
  File "/Users/se/Desktop/currency_sniper_bot/services/storage.py", line 57, in save_alert
    """, *alert_to_row(alert))
  File "/Users/se/Desktop/currency_sniper_bot/services/storage.py", line 38, in alert_to_row
    created_at = datetime.fromisoformat(alert.created_at)
TypeError: fromisoformat: argument must be str
2026-04-24 14:50:46,846 [INFO] aiogram.event: Update id=530032746 is handled. Duration 288 ms by bot id=8776880037
2026-04-24 14:50:48,816 [INFO] aiogram.event: Update id=530032747 is not handled. Duration 1 ms by bot id=8776880037
2026-04-24 14:50:48,816 [ERROR] aiogram.event: Cause exception while process update id=530032747 by bot id=8776880037
TypeError: fromisoformat: argument must be str
Traceback (most recent call last):
  File "/Users/se/Desktop/currency_sniper_bot/venv/lib/python3.9/site-packages/aiogram/dispatcher/dispatcher.py", line 309, in _process_update
    response = await self.feed_update(bot, update, **kwargs)
  File "/Users/se/Desktop/currency_sniper_bot/venv/lib/python3.9/site-packages/aiogram/dispatcher/dispatcher.py", line 158, in feed_update
    response = await self.update.wrap_outer_middleware(
  File "/Users/se/Desktop/currency_sniper_bot/venv/lib/python3.9/site-packages/aiogram/dispatcher/middlewares/error.py", line 25, in __call__
    return await handler(event, data)
  File "/Users/se/Desktop/currency_sniper_bot/venv/lib/python3.9/site-packages/aiogram/dispatcher/middlewares/user_context.py", line 56, in __call__
    return await handler(event, data)
  File "/Users/se/Desktop/currency_sniper_bot/venv/lib/python3.9/site-packages/aiogram/fsm/middleware.py", line 42, in __call__
    return await handler(event, data)
  File "/Users/se/Desktop/currency_sniper_bot/venv/lib/python3.9/site-packages/aiogram/dispatcher/event/telegram.py", line 121, in trigger
    return await wrapped_inner(event, kwargs)
  File "/Users/se/Desktop/currency_sniper_bot/venv/lib/python3.9/site-packages/aiogram/dispatcher/event/handler.py", line 43, in call
    return await wrapped()
  File "/Users/se/Desktop/currency_sniper_bot/venv/lib/python3.9/site-packages/aiogram/dispatcher/dispatcher.py", line 276, in _listen_update
    return await self.propagate_event(update_type=update_type, event=event, **kwargs)
  File "/Users/se/Desktop/currency_sniper_bot/venv/lib/python3.9/site-packages/aiogram/dispatcher/router.py", line 146, in propagate_event
    return await observer.wrap_outer_middleware(_wrapped, event=event, data=kwargs)
  File "/Users/se/Desktop/currency_sniper_bot/venv/lib/python3.9/site-packages/aiogram/dispatcher/router.py", line 141, in _wrapped
    return await self._propagate_event(
  File "/Users/se/Desktop/currency_sniper_bot/venv/lib/python3.9/site-packages/aiogram/dispatcher/router.py", line 174, in _propagate_event
    response = await router.propagate_event(update_type=update_type, event=event, **kwargs)
  File "/Users/se/Desktop/currency_sniper_bot/venv/lib/python3.9/site-packages/aiogram/dispatcher/router.py", line 146, in propagate_event
    return await observer.wrap_outer_middleware(_wrapped, event=event, data=kwargs)
  File "/Users/se/Desktop/currency_sniper_bot/venv/lib/python3.9/site-packages/aiogram/dispatcher/router.py", line 141, in _wrapped
    return await self._propagate_event(
  File "/Users/se/Desktop/currency_sniper_bot/venv/lib/python3.9/site-packages/aiogram/dispatcher/router.py", line 166, in _propagate_event
    response = await observer.trigger(event, **kwargs)
  File "/Users/se/Desktop/currency_sniper_bot/venv/lib/python3.9/site-packages/aiogram/dispatcher/event/telegram.py", line 121, in trigger
    return await wrapped_inner(event, kwargs)
  File "/Users/se/Desktop/currency_sniper_bot/middlewares/repo_middleware.py", line 11, in __call__
    return await handler(event, data)
  File "/Users/se/Desktop/currency_sniper_bot/venv/lib/python3.9/site-packages/aiogram/dispatcher/event/handler.py", line 43, in call
    return await wrapped()
  File "/Users/se/Desktop/currency_sniper_bot/handlers/alerts.py", line 269, in toggle_alert
    await repo.save_alert(alert)
  File "/Users/se/Desktop/currency_sniper_bot/repository/user_repository.py", line 61, in save_alert
    await db_save_alert(conn, alert)
  File "/Users/se/Desktop/currency_sniper_bot/services/storage.py", line 57, in save_alert
    """, *alert_to_row(alert))
  File "/Users/se/Desktop/currency_sniper_bot/services/storage.py", line 38, in alert_to_row
    created_at = datetime.fromisoformat(alert.created_at)
TypeError: fromisoformat: argument must be str
2026-04-24 14:52:47,246 [INFO] aiogram.dispatcher: Start polling
2026-04-24 14:52:47,879 [INFO] aiogram.dispatcher: Run polling for bot @currency_sniper_bot id=8776880037 - 'USDT Sniper'
2026-04-24 14:52:48,881 [INFO] aiogram.event: Update id=530032748 is handled. Duration 867 ms by bot id=8776880037
2026-04-24 14:52:48,904 [INFO] aiogram.event: Update id=530032749 is handled. Duration 890 ms by bot id=8776880037
2026-04-24 14:52:49,678 [ERROR] services.monitor: Ошибка монитора: not enough values to unpack (expected 6, got 5)
Traceback (most recent call last):
  File "/Users/se/Desktop/currency_sniper_bot/services/monitor.py", line 128, in monitor_loop
    users = await repo.get_all_users()
  File "/Users/se/Desktop/currency_sniper_bot/repository/user_repository.py", line 37, in get_all_users
    users = await db_load_users(conn)
  File "/Users/se/Desktop/currency_sniper_bot/services/storage.py", line 80, in load_users
    alerts[row["user_id"]].append(row_to_alert(row))
  File "/Users/se/Desktop/currency_sniper_bot/services/storage.py", line 113, in row_to_alert
    alert_id, user_id, active, zone_percent, last_triggered_price, last_triggered_at = str(row["alert_id"]), row["user_id"], row["active"], row["zone_percent"],row["last_triggered_price"]
ValueError: not enough values to unpack (expected 6, got 5)
2026-04-24 14:52:52,215 [INFO] aiogram.event: Update id=530032750 is handled. Duration 593 ms by bot id=8776880037
2026-04-24 14:52:53,725 [INFO] aiogram.event: Update id=530032751 is not handled. Duration 3 ms by bot id=8776880037
2026-04-24 14:52:53,725 [ERROR] aiogram.event: Cause exception while process update id=530032751 by bot id=8776880037
ValueError: not enough values to unpack (expected 6, got 5)
Traceback (most recent call last):
  File "/Users/se/Desktop/currency_sniper_bot/venv/lib/python3.9/site-packages/aiogram/dispatcher/dispatcher.py", line 309, in _process_update
    response = await self.feed_update(bot, update, **kwargs)
  File "/Users/se/Desktop/currency_sniper_bot/venv/lib/python3.9/site-packages/aiogram/dispatcher/dispatcher.py", line 158, in feed_update
    response = await self.update.wrap_outer_middleware(
  File "/Users/se/Desktop/currency_sniper_bot/venv/lib/python3.9/site-packages/aiogram/dispatcher/middlewares/error.py", line 25, in __call__
    return await handler(event, data)
  File "/Users/se/Desktop/currency_sniper_bot/venv/lib/python3.9/site-packages/aiogram/dispatcher/middlewares/user_context.py", line 56, in __call__
    return await handler(event, data)
  File "/Users/se/Desktop/currency_sniper_bot/venv/lib/python3.9/site-packages/aiogram/fsm/middleware.py", line 42, in __call__
    return await handler(event, data)
  File "/Users/se/Desktop/currency_sniper_bot/venv/lib/python3.9/site-packages/aiogram/dispatcher/event/telegram.py", line 121, in trigger
    return await wrapped_inner(event, kwargs)
  File "/Users/se/Desktop/currency_sniper_bot/venv/lib/python3.9/site-packages/aiogram/dispatcher/event/handler.py", line 43, in call
    return await wrapped()
  File "/Users/se/Desktop/currency_sniper_bot/venv/lib/python3.9/site-packages/aiogram/dispatcher/dispatcher.py", line 276, in _listen_update
    return await self.propagate_event(update_type=update_type, event=event, **kwargs)
  File "/Users/se/Desktop/currency_sniper_bot/venv/lib/python3.9/site-packages/aiogram/dispatcher/router.py", line 146, in propagate_event
    return await observer.wrap_outer_middleware(_wrapped, event=event, data=kwargs)
  File "/Users/se/Desktop/currency_sniper_bot/venv/lib/python3.9/site-packages/aiogram/dispatcher/router.py", line 141, in _wrapped
    return await self._propagate_event(
  File "/Users/se/Desktop/currency_sniper_bot/venv/lib/python3.9/site-packages/aiogram/dispatcher/router.py", line 174, in _propagate_event
    response = await router.propagate_event(update_type=update_type, event=event, **kwargs)
  File "/Users/se/Desktop/currency_sniper_bot/venv/lib/python3.9/site-packages/aiogram/dispatcher/router.py", line 146, in propagate_event
    return await observer.wrap_outer_middleware(_wrapped, event=event, data=kwargs)
  File "/Users/se/Desktop/currency_sniper_bot/venv/lib/python3.9/site-packages/aiogram/dispatcher/router.py", line 141, in _wrapped
    return await self._propagate_event(
  File "/Users/se/Desktop/currency_sniper_bot/venv/lib/python3.9/site-packages/aiogram/dispatcher/router.py", line 166, in _propagate_event
    response = await observer.trigger(event, **kwargs)
  File "/Users/se/Desktop/currency_sniper_bot/venv/lib/python3.9/site-packages/aiogram/dispatcher/event/telegram.py", line 121, in trigger
    return await wrapped_inner(event, kwargs)
  File "/Users/se/Desktop/currency_sniper_bot/middlewares/repo_middleware.py", line 11, in __call__
    return await handler(event, data)
  File "/Users/se/Desktop/currency_sniper_bot/venv/lib/python3.9/site-packages/aiogram/dispatcher/event/handler.py", line 43, in call
    return await wrapped()
  File "/Users/se/Desktop/currency_sniper_bot/handlers/alerts.py", line 160, in show_user_alerts
    user = await repo.get_user(telegram_user_id, message.from_user.username or "")
  File "/Users/se/Desktop/currency_sniper_bot/repository/user_repository.py", line 26, in get_user
    user = await db_get_user(telegram_user_id, username)
  File "/Users/se/Desktop/currency_sniper_bot/services/storage.py", line 156, in get_user
    user.alerts = await get_alerts(conn, telegram_user_id)
  File "/Users/se/Desktop/currency_sniper_bot/services/storage.py", line 138, in get_alerts
    alert = row_to_alert(row)
  File "/Users/se/Desktop/currency_sniper_bot/services/storage.py", line 113, in row_to_alert
    alert_id, user_id, active, zone_percent, last_triggered_price, last_triggered_at = str(row["alert_id"]), row["user_id"], row["active"], row["zone_percent"],row["last_triggered_price"]
ValueError: not enough values to unpack (expected 6, got 5)
2026-04-24 14:53:28,363 [WARNING] aiogram.dispatcher: Received SIGINT signal
2026-04-24 14:53:28,364 [INFO] aiogram.dispatcher: Polling stopped for bot @currency_sniper_bot id=8776880037 - 'USDT Sniper'
2026-04-24 14:53:28,365 [INFO] aiogram.dispatcher: Polling stopped
2026-04-24 14:53:29,839 [INFO] aiogram.dispatcher: Start polling
2026-04-24 14:53:30,571 [INFO] aiogram.dispatcher: Run polling for bot @currency_sniper_bot id=8776880037 - 'USDT Sniper'
2026-04-24 14:53:31,669 [INFO] aiogram.event: Update id=530032752 is handled. Duration 933 ms by bot id=8776880037
2026-04-24 14:53:32,861 [ERROR] services.monitor: Ошибка монитора: 'NoneType' object has no attribute 'created_at'
Traceback (most recent call last):
  File "/Users/se/Desktop/currency_sniper_bot/services/monitor.py", line 128, in monitor_loop
    users = await repo.get_all_users()
  File "/Users/se/Desktop/currency_sniper_bot/repository/user_repository.py", line 37, in get_all_users
    users = await db_load_users(conn)
  File "/Users/se/Desktop/currency_sniper_bot/services/storage.py", line 80, in load_users
    alerts[row["user_id"]].append(row_to_alert(row))
  File "/Users/se/Desktop/currency_sniper_bot/services/storage.py", line 114, in row_to_alert
    created_at = alert.created_at if isinstance(alert.created_at, datetime) else datetime.fromisoformat(alert.created_at)
AttributeError: 'NoneType' object has no attribute 'created_at'
2026-04-24 14:53:33,202 [INFO] aiogram.event: Update id=530032753 is not handled. Duration 2 ms by bot id=8776880037
2026-04-24 14:53:33,203 [ERROR] aiogram.event: Cause exception while process update id=530032753 by bot id=8776880037
AttributeError: 'NoneType' object has no attribute 'created_at'
Traceback (most recent call last):
  File "/Users/se/Desktop/currency_sniper_bot/venv/lib/python3.9/site-packages/aiogram/dispatcher/dispatcher.py", line 309, in _process_update
    response = await self.feed_update(bot, update, **kwargs)
  File "/Users/se/Desktop/currency_sniper_bot/venv/lib/python3.9/site-packages/aiogram/dispatcher/dispatcher.py", line 158, in feed_update
    response = await self.update.wrap_outer_middleware(
  File "/Users/se/Desktop/currency_sniper_bot/venv/lib/python3.9/site-packages/aiogram/dispatcher/middlewares/error.py", line 25, in __call__
    return await handler(event, data)
  File "/Users/se/Desktop/currency_sniper_bot/venv/lib/python3.9/site-packages/aiogram/dispatcher/middlewares/user_context.py", line 56, in __call__
    return await handler(event, data)
  File "/Users/se/Desktop/currency_sniper_bot/venv/lib/python3.9/site-packages/aiogram/fsm/middleware.py", line 42, in __call__
    return await handler(event, data)
  File "/Users/se/Desktop/currency_sniper_bot/venv/lib/python3.9/site-packages/aiogram/dispatcher/event/telegram.py", line 121, in trigger
    return await wrapped_inner(event, kwargs)
  File "/Users/se/Desktop/currency_sniper_bot/venv/lib/python3.9/site-packages/aiogram/dispatcher/event/handler.py", line 43, in call
    return await wrapped()
  File "/Users/se/Desktop/currency_sniper_bot/venv/lib/python3.9/site-packages/aiogram/dispatcher/dispatcher.py", line 276, in _listen_update
    return await self.propagate_event(update_type=update_type, event=event, **kwargs)
  File "/Users/se/Desktop/currency_sniper_bot/venv/lib/python3.9/site-packages/aiogram/dispatcher/router.py", line 146, in propagate_event
    return await observer.wrap_outer_middleware(_wrapped, event=event, data=kwargs)
  File "/Users/se/Desktop/currency_sniper_bot/venv/lib/python3.9/site-packages/aiogram/dispatcher/router.py", line 141, in _wrapped
    return await self._propagate_event(
  File "/Users/se/Desktop/currency_sniper_bot/venv/lib/python3.9/site-packages/aiogram/dispatcher/router.py", line 174, in _propagate_event
    response = await router.propagate_event(update_type=update_type, event=event, **kwargs)
  File "/Users/se/Desktop/currency_sniper_bot/venv/lib/python3.9/site-packages/aiogram/dispatcher/router.py", line 146, in propagate_event
    return await observer.wrap_outer_middleware(_wrapped, event=event, data=kwargs)
  File "/Users/se/Desktop/currency_sniper_bot/venv/lib/python3.9/site-packages/aiogram/dispatcher/router.py", line 141, in _wrapped
    return await self._propagate_event(
  File "/Users/se/Desktop/currency_sniper_bot/venv/lib/python3.9/site-packages/aiogram/dispatcher/router.py", line 166, in _propagate_event
    response = await observer.trigger(event, **kwargs)
  File "/Users/se/Desktop/currency_sniper_bot/venv/lib/python3.9/site-packages/aiogram/dispatcher/event/telegram.py", line 121, in trigger
    return await wrapped_inner(event, kwargs)
  File "/Users/se/Desktop/currency_sniper_bot/middlewares/repo_middleware.py", line 11, in __call__
    return await handler(event, data)
  File "/Users/se/Desktop/currency_sniper_bot/venv/lib/python3.9/site-packages/aiogram/dispatcher/event/handler.py", line 43, in call
    return await wrapped()
  File "/Users/se/Desktop/currency_sniper_bot/handlers/alerts.py", line 160, in show_user_alerts
    user = await repo.get_user(telegram_user_id, message.from_user.username or "")
  File "/Users/se/Desktop/currency_sniper_bot/repository/user_repository.py", line 26, in get_user
    user = await db_get_user(telegram_user_id, username)
  File "/Users/se/Desktop/currency_sniper_bot/services/storage.py", line 156, in get_user
    user.alerts = await get_alerts(conn, telegram_user_id)
  File "/Users/se/Desktop/currency_sniper_bot/services/storage.py", line 138, in get_alerts
    alert = row_to_alert(row)
  File "/Users/se/Desktop/currency_sniper_bot/services/storage.py", line 114, in row_to_alert
    created_at = alert.created_at if isinstance(alert.created_at, datetime) else datetime.fromisoformat(alert.created_at)
AttributeError: 'NoneType' object has no attribute 'created_at'
2026-04-24 14:54:35,836 [ERROR] services.monitor: Ошибка монитора: 'NoneType' object has no attribute 'created_at'
Traceback (most recent call last):
  File "/Users/se/Desktop/currency_sniper_bot/services/monitor.py", line 128, in monitor_loop
    users = await repo.get_all_users()
  File "/Users/se/Desktop/currency_sniper_bot/repository/user_repository.py", line 37, in get_all_users
    users = await db_load_users(conn)
  File "/Users/se/Desktop/currency_sniper_bot/services/storage.py", line 80, in load_users
    alerts[row["user_id"]].append(row_to_alert(row))
  File "/Users/se/Desktop/currency_sniper_bot/services/storage.py", line 114, in row_to_alert
    created_at = alert.created_at if isinstance(alert.created_at, datetime) else datetime.fromisoformat(alert.created_at)
AttributeError: 'NoneType' object has no attribute 'created_at'
2026-04-24 14:55:23,454 [INFO] aiogram.dispatcher: Start polling
2026-04-24 14:55:24,180 [INFO] aiogram.dispatcher: Run polling for bot @currency_sniper_bot id=8776880037 - 'USDT Sniper'
2026-04-24 14:55:26,216 [ERROR] services.monitor: Ошибка монитора: 'NoneType' object has no attribute 'created_at'
Traceback (most recent call last):
  File "/Users/se/Desktop/currency_sniper_bot/services/monitor.py", line 128, in monitor_loop
    users = await repo.get_all_users()
  File "/Users/se/Desktop/currency_sniper_bot/repository/user_repository.py", line 37, in get_all_users
    users = await db_load_users(conn)
  File "/Users/se/Desktop/currency_sniper_bot/services/storage.py", line 80, in load_users
    alerts[row["user_id"]].append(row_to_alert(row))
  File "/Users/se/Desktop/currency_sniper_bot/services/storage.py", line 114, in row_to_alert
    created_at = alert.created_at if isinstance(alert.created_at, datetime) else datetime.fromisoformat(alert.created_at)
AttributeError: 'NoneType' object has no attribute 'created_at'
2026-04-24 14:55:28,338 [INFO] aiogram.event: Update id=530032754 is handled. Duration 912 ms by bot id=8776880037
2026-04-24 14:55:29,689 [INFO] aiogram.event: Update id=530032755 is not handled. Duration 3 ms by bot id=8776880037
2026-04-24 14:55:29,689 [ERROR] aiogram.event: Cause exception while process update id=530032755 by bot id=8776880037
AttributeError: 'NoneType' object has no attribute 'created_at'
Traceback (most recent call last):
  File "/Users/se/Desktop/currency_sniper_bot/venv/lib/python3.9/site-packages/aiogram/dispatcher/dispatcher.py", line 309, in _process_update
    response = await self.feed_update(bot, update, **kwargs)
  File "/Users/se/Desktop/currency_sniper_bot/venv/lib/python3.9/site-packages/aiogram/dispatcher/dispatcher.py", line 158, in feed_update
    response = await self.update.wrap_outer_middleware(
  File "/Users/se/Desktop/currency_sniper_bot/venv/lib/python3.9/site-packages/aiogram/dispatcher/middlewares/error.py", line 25, in __call__
    return await handler(event, data)
  File "/Users/se/Desktop/currency_sniper_bot/venv/lib/python3.9/site-packages/aiogram/dispatcher/middlewares/user_context.py", line 56, in __call__
    return await handler(event, data)
  File "/Users/se/Desktop/currency_sniper_bot/venv/lib/python3.9/site-packages/aiogram/fsm/middleware.py", line 42, in __call__
    return await handler(event, data)
  File "/Users/se/Desktop/currency_sniper_bot/venv/lib/python3.9/site-packages/aiogram/dispatcher/event/telegram.py", line 121, in trigger
    return await wrapped_inner(event, kwargs)
  File "/Users/se/Desktop/currency_sniper_bot/venv/lib/python3.9/site-packages/aiogram/dispatcher/event/handler.py", line 43, in call
    return await wrapped()
  File "/Users/se/Desktop/currency_sniper_bot/venv/lib/python3.9/site-packages/aiogram/dispatcher/dispatcher.py", line 276, in _listen_update
    return await self.propagate_event(update_type=update_type, event=event, **kwargs)
  File "/Users/se/Desktop/currency_sniper_bot/venv/lib/python3.9/site-packages/aiogram/dispatcher/router.py", line 146, in propagate_event
    return await observer.wrap_outer_middleware(_wrapped, event=event, data=kwargs)
  File "/Users/se/Desktop/currency_sniper_bot/venv/lib/python3.9/site-packages/aiogram/dispatcher/router.py", line 141, in _wrapped
    return await self._propagate_event(
  File "/Users/se/Desktop/currency_sniper_bot/venv/lib/python3.9/site-packages/aiogram/dispatcher/router.py", line 174, in _propagate_event
    response = await router.propagate_event(update_type=update_type, event=event, **kwargs)
  File "/Users/se/Desktop/currency_sniper_bot/venv/lib/python3.9/site-packages/aiogram/dispatcher/router.py", line 146, in propagate_event
    return await observer.wrap_outer_middleware(_wrapped, event=event, data=kwargs)
  File "/Users/se/Desktop/currency_sniper_bot/venv/lib/python3.9/site-packages/aiogram/dispatcher/router.py", line 141, in _wrapped
    return await self._propagate_event(
  File "/Users/se/Desktop/currency_sniper_bot/venv/lib/python3.9/site-packages/aiogram/dispatcher/router.py", line 166, in _propagate_event
    response = await observer.trigger(event, **kwargs)
  File "/Users/se/Desktop/currency_sniper_bot/venv/lib/python3.9/site-packages/aiogram/dispatcher/event/telegram.py", line 121, in trigger
    return await wrapped_inner(event, kwargs)
  File "/Users/se/Desktop/currency_sniper_bot/middlewares/repo_middleware.py", line 11, in __call__
    return await handler(event, data)
  File "/Users/se/Desktop/currency_sniper_bot/venv/lib/python3.9/site-packages/aiogram/dispatcher/event/handler.py", line 43, in call
    return await wrapped()
  File "/Users/se/Desktop/currency_sniper_bot/handlers/alerts.py", line 160, in show_user_alerts
    user = await repo.get_user(telegram_user_id, message.from_user.username or "")
  File "/Users/se/Desktop/currency_sniper_bot/repository/user_repository.py", line 26, in get_user
    user = await db_get_user(telegram_user_id, username)
  File "/Users/se/Desktop/currency_sniper_bot/services/storage.py", line 156, in get_user
    user.alerts = await get_alerts(conn, telegram_user_id)
  File "/Users/se/Desktop/currency_sniper_bot/services/storage.py", line 138, in get_alerts
    alert = row_to_alert(row)
  File "/Users/se/Desktop/currency_sniper_bot/services/storage.py", line 114, in row_to_alert
    created_at = alert.created_at if isinstance(alert.created_at, datetime) else datetime.fromisoformat(alert.created_at)
AttributeError: 'NoneType' object has no attribute 'created_at'
2026-04-24 14:56:29,084 [ERROR] services.monitor: Ошибка монитора: 'NoneType' object has no attribute 'created_at'
Traceback (most recent call last):
  File "/Users/se/Desktop/currency_sniper_bot/services/monitor.py", line 128, in monitor_loop
    users = await repo.get_all_users()
  File "/Users/se/Desktop/currency_sniper_bot/repository/user_repository.py", line 37, in get_all_users
    users = await db_load_users(conn)
  File "/Users/se/Desktop/currency_sniper_bot/services/storage.py", line 80, in load_users
    alerts[row["user_id"]].append(row_to_alert(row))
  File "/Users/se/Desktop/currency_sniper_bot/services/storage.py", line 114, in row_to_alert
    created_at = alert.created_at if isinstance(alert.created_at, datetime) else datetime.fromisoformat(alert.created_at)
AttributeError: 'NoneType' object has no attribute 'created_at'
2026-04-24 14:56:48,632 [WARNING] aiogram.dispatcher: Received SIGINT signal
2026-04-24 14:56:48,633 [INFO] aiogram.dispatcher: Polling stopped for bot @currency_sniper_bot id=8776880037 - 'USDT Sniper'
2026-04-24 14:56:48,633 [INFO] aiogram.dispatcher: Polling stopped
2026-04-24 14:56:50,235 [INFO] aiogram.dispatcher: Start polling
2026-04-24 14:56:50,876 [INFO] aiogram.dispatcher: Run polling for bot @currency_sniper_bot id=8776880037 - 'USDT Sniper'
2026-04-24 14:56:52,111 [INFO] aiogram.event: Update id=530032756 is handled. Duration 873 ms by bot id=8776880037
2026-04-24 14:56:56,138 [INFO] aiogram.event: Update id=530032757 is handled. Duration 288 ms by bot id=8776880037
2026-04-24 14:56:59,849 [INFO] aiogram.event: Update id=530032758 is not handled. Duration 2 ms by bot id=8776880037
2026-04-24 14:56:59,849 [ERROR] aiogram.event: Cause exception while process update id=530032758 by bot id=8776880037
TypeError: fromisoformat: argument must be str
Traceback (most recent call last):
  File "/Users/se/Desktop/currency_sniper_bot/venv/lib/python3.9/site-packages/aiogram/dispatcher/dispatcher.py", line 309, in _process_update
    response = await self.feed_update(bot, update, **kwargs)
  File "/Users/se/Desktop/currency_sniper_bot/venv/lib/python3.9/site-packages/aiogram/dispatcher/dispatcher.py", line 158, in feed_update
    response = await self.update.wrap_outer_middleware(
  File "/Users/se/Desktop/currency_sniper_bot/venv/lib/python3.9/site-packages/aiogram/dispatcher/middlewares/error.py", line 25, in __call__
    return await handler(event, data)
  File "/Users/se/Desktop/currency_sniper_bot/venv/lib/python3.9/site-packages/aiogram/dispatcher/middlewares/user_context.py", line 56, in __call__
    return await handler(event, data)
  File "/Users/se/Desktop/currency_sniper_bot/venv/lib/python3.9/site-packages/aiogram/fsm/middleware.py", line 42, in __call__
    return await handler(event, data)
  File "/Users/se/Desktop/currency_sniper_bot/venv/lib/python3.9/site-packages/aiogram/dispatcher/event/telegram.py", line 121, in trigger
    return await wrapped_inner(event, kwargs)
  File "/Users/se/Desktop/currency_sniper_bot/venv/lib/python3.9/site-packages/aiogram/dispatcher/event/handler.py", line 43, in call
    return await wrapped()
  File "/Users/se/Desktop/currency_sniper_bot/venv/lib/python3.9/site-packages/aiogram/dispatcher/dispatcher.py", line 276, in _listen_update
    return await self.propagate_event(update_type=update_type, event=event, **kwargs)
  File "/Users/se/Desktop/currency_sniper_bot/venv/lib/python3.9/site-packages/aiogram/dispatcher/router.py", line 146, in propagate_event
    return await observer.wrap_outer_middleware(_wrapped, event=event, data=kwargs)
  File "/Users/se/Desktop/currency_sniper_bot/venv/lib/python3.9/site-packages/aiogram/dispatcher/router.py", line 141, in _wrapped
    return await self._propagate_event(
  File "/Users/se/Desktop/currency_sniper_bot/venv/lib/python3.9/site-packages/aiogram/dispatcher/router.py", line 174, in _propagate_event
    response = await router.propagate_event(update_type=update_type, event=event, **kwargs)
  File "/Users/se/Desktop/currency_sniper_bot/venv/lib/python3.9/site-packages/aiogram/dispatcher/router.py", line 146, in propagate_event
    return await observer.wrap_outer_middleware(_wrapped, event=event, data=kwargs)
  File "/Users/se/Desktop/currency_sniper_bot/venv/lib/python3.9/site-packages/aiogram/dispatcher/router.py", line 141, in _wrapped
    return await self._propagate_event(
  File "/Users/se/Desktop/currency_sniper_bot/venv/lib/python3.9/site-packages/aiogram/dispatcher/router.py", line 166, in _propagate_event
    response = await observer.trigger(event, **kwargs)
  File "/Users/se/Desktop/currency_sniper_bot/venv/lib/python3.9/site-packages/aiogram/dispatcher/event/telegram.py", line 121, in trigger
    return await wrapped_inner(event, kwargs)
  File "/Users/se/Desktop/currency_sniper_bot/middlewares/repo_middleware.py", line 11, in __call__
    return await handler(event, data)
  File "/Users/se/Desktop/currency_sniper_bot/venv/lib/python3.9/site-packages/aiogram/dispatcher/event/handler.py", line 43, in call
    return await wrapped()
  File "/Users/se/Desktop/currency_sniper_bot/handlers/alerts.py", line 269, in toggle_alert
    await repo.save_alert(alert)
  File "/Users/se/Desktop/currency_sniper_bot/repository/user_repository.py", line 61, in save_alert
    await db_save_alert(conn, alert)
  File "/Users/se/Desktop/currency_sniper_bot/services/storage.py", line 57, in save_alert
    """, *alert_to_row(alert))
  File "/Users/se/Desktop/currency_sniper_bot/services/storage.py", line 38, in alert_to_row
    created_at = datetime.fromisoformat(alert.created_at)
TypeError: fromisoformat: argument must be str
2026-04-24 14:58:12,799 [WARNING] aiogram.dispatcher: Received SIGINT signal
2026-04-24 14:58:12,801 [INFO] aiogram.dispatcher: Polling stopped for bot @currency_sniper_bot id=8776880037 - 'USDT Sniper'
2026-04-24 14:58:12,802 [INFO] aiogram.dispatcher: Polling stopped
2026-04-24 14:58:14,387 [INFO] aiogram.dispatcher: Start polling
2026-04-24 14:58:15,059 [INFO] aiogram.dispatcher: Run polling for bot @currency_sniper_bot id=8776880037 - 'USDT Sniper'
2026-04-24 14:58:18,128 [INFO] aiogram.event: Update id=530032759 is handled. Duration 937 ms by bot id=8776880037
2026-04-24 14:58:19,286 [INFO] aiogram.event: Update id=530032760 is handled. Duration 279 ms by bot id=8776880037
2026-04-24 14:58:24,062 [INFO] aiogram.event: Update id=530032761 is handled. Duration 540 ms by bot id=8776880037
2026-04-24 14:58:25,402 [INFO] aiogram.event: Update id=530032762 is handled. Duration 532 ms by bot id=8776880037
2026-04-24 14:58:28,110 [INFO] aiogram.event: Update id=530032763 is handled. Duration 661 ms by bot id=8776880037
2026-04-24 14:58:29,739 [INFO] aiogram.event: Update id=530032764 is handled. Duration 292 ms by bot id=8776880037
2026-04-24 14:58:31,223 [INFO] aiogram.event: Update id=530032765 is handled. Duration 268 ms by bot id=8776880037
2026-04-24 14:58:32,595 [INFO] aiogram.event: Update id=530032766 is handled. Duration 284 ms by bot id=8776880037
2026-04-24 14:58:33,901 [INFO] aiogram.event: Update id=530032767 is handled. Duration 257 ms by bot id=8776880037
2026-04-24 14:58:34,866 [INFO] aiogram.event: Update id=530032768 is handled. Duration 300 ms by bot id=8776880037
2026-04-24 14:58:36,219 [INFO] aiogram.event: Update id=530032769 is handled. Duration 556 ms by bot id=8776880037
2026-04-24 15:11:32,024 [INFO] aiogram.event: Update id=530032770 is handled. Duration 286 ms by bot id=8776880037
2026-04-24 15:11:33,928 [INFO] aiogram.event: Update id=530032771 is handled. Duration 287 ms by bot id=8776880037
2026-04-24 15:11:36,260 [INFO] aiogram.event: Update id=530032772 is handled. Duration 663 ms by bot id=8776880037
2026-04-24 15:11:37,993 [INFO] aiogram.event: Update id=530032773 is handled. Duration 553 ms by bot id=8776880037
2026-04-24 15:11:39,823 [INFO] aiogram.event: Update id=530032774 is handled. Duration 299 ms by bot id=8776880037
2026-04-24 15:11:42,407 [INFO] aiogram.event: Update id=530032775 is handled. Duration 265 ms by bot id=8776880037
2026-04-24 15:11:43,659 [INFO] aiogram.event: Update id=530032776 is handled. Duration 290 ms by bot id=8776880037
2026-04-24 15:11:45,001 [INFO] aiogram.event: Update id=530032777 is handled. Duration 300 ms by bot id=8776880037
2026-04-24 15:11:46,943 [INFO] aiogram.event: Update id=530032778 is handled. Duration 274 ms by bot id=8776880037
2026-04-24 15:11:49,274 [INFO] aiogram.event: Update id=530032779 is handled. Duration 272 ms by bot id=8776880037
2026-04-24 15:11:53,374 [INFO] aiogram.event: Update id=530032780 is handled. Duration 279 ms by bot id=8776880037
2026-04-24 15:11:55,750 [INFO] aiogram.event: Update id=530032781 is handled. Duration 507 ms by bot id=8776880037
2026-04-24 15:11:56,845 [INFO] aiogram.event: Update id=530032782 is handled. Duration 531 ms by bot id=8776880037
2026-04-24 15:11:57,745 [INFO] aiogram.event: Update id=530032783 is handled. Duration 532 ms by bot id=8776880037
2026-04-24 15:11:58,679 [INFO] aiogram.event: Update id=530032784 is handled. Duration 551 ms by bot id=8776880037
2026-04-24 15:12:01,161 [INFO] aiogram.event: Update id=530032785 is handled. Duration 356 ms by bot id=8776880037
2026-04-24 15:12:02,712 [INFO] aiogram.event: Update id=530032786 is handled. Duration 296 ms by bot id=8776880037
2026-04-24 15:12:05,182 [INFO] aiogram.event: Update id=530032787 is handled. Duration 309 ms by bot id=8776880037
2026-04-24 15:12:11,519 [INFO] aiogram.event: Update id=530032788 is handled. Duration 263 ms by bot id=8776880037
2026-04-24 15:12:13,226 [INFO] aiogram.event: Update id=530032789 is handled. Duration 263 ms by bot id=8776880037
2026-04-24 15:12:17,055 [INFO] aiogram.event: Update id=530032790 is handled. Duration 278 ms by bot id=8776880037
2026-04-24 15:15:29,037 [INFO] aiogram.event: Update id=530032791 is handled. Duration 282 ms by bot id=8776880037
2026-04-24 15:15:30,693 [INFO] aiogram.event: Update id=530032792 is handled. Duration 288 ms by bot id=8776880037
2026-04-24 15:15:35,152 [INFO] aiogram.event: Update id=530032793 is handled. Duration 537 ms by bot id=8776880037
2026-04-24 15:15:36,030 [INFO] aiogram.event: Update id=530032794 is handled. Duration 270 ms by bot id=8776880037
2026-04-24 15:15:38,483 [INFO] aiogram.event: Update id=530032795 is handled. Duration 303 ms by bot id=8776880037
2026-04-24 15:15:40,259 [INFO] aiogram.event: Update id=530032796 is handled. Duration 545 ms by bot id=8776880037
2026-04-24 15:15:44,445 [INFO] aiogram.event: Update id=530032797 is handled. Duration 262 ms by bot id=8776880037
2026-04-24 15:15:47,473 [INFO] aiogram.event: Update id=530032798 is handled. Duration 284 ms by bot id=8776880037
2026-04-24 15:15:54,334 [INFO] aiogram.event: Update id=530032799 is handled. Duration 270 ms by bot id=8776880037
2026-04-24 15:15:55,965 [INFO] aiogram.event: Update id=530032800 is handled. Duration 297 ms by bot id=8776880037
2026-04-24 15:15:58,629 [INFO] aiogram.event: Update id=530032801 is handled. Duration 279 ms by bot id=8776880037
2026-04-24 15:16:00,163 [INFO] aiogram.event: Update id=530032802 is handled. Duration 262 ms by bot id=8776880037
2026-04-24 15:16:02,020 [INFO] aiogram.event: Update id=530032803 is handled. Duration 289 ms by bot id=8776880037
2026-04-24 15:16:06,588 [INFO] aiogram.event: Update id=530032804 is handled. Duration 662 ms by bot id=8776880037
2026-04-24 15:16:08,357 [INFO] aiogram.event: Update id=530032805 is handled. Duration 679 ms by bot id=8776880037
2026-04-24 15:16:10,022 [INFO] aiogram.event: Update id=530032806 is handled. Duration 296 ms by bot id=8776880037
2026-04-24 15:16:14,869 [INFO] aiogram.event: Update id=530032807 is handled. Duration 294 ms by bot id=8776880037
2026-04-24 15:19:27,222 [ERROR] aiogram.dispatcher: Failed to fetch updates - TelegramNetworkError: HTTP Client says - Request timeout error
2026-04-24 15:19:27,222 [WARNING] aiogram.dispatcher: Sleep for 1.000000 seconds and try again... (tryings = 0, bot id = 8776880037)
2026-04-24 15:19:38,820 [INFO] aiogram.dispatcher: Connection established (tryings = 1, bot id = 8776880037)
2026-04-24 16:35:02,456 [ERROR] services.fetcher: Ошибка фетчера (binance): Cannot connect to host p2p.binance.com:443 ssl:default [nodename nor servname provided, or not known]
Traceback (most recent call last):
  File "/Users/se/Desktop/currency_sniper_bot/venv/lib/python3.9/site-packages/aiohttp/connector.py", line 1532, in _create_direct_connection
    hosts = await self._resolve_host(host, port, traces=traces)
  File "/Users/se/Desktop/currency_sniper_bot/venv/lib/python3.9/site-packages/aiohttp/connector.py", line 1148, in _resolve_host
    return await asyncio.shield(resolved_host_task)
  File "/Users/se/Desktop/currency_sniper_bot/venv/lib/python3.9/site-packages/aiohttp/connector.py", line 1179, in _resolve_host_with_throttle
    addrs = await self._resolver.resolve(host, port, family=self._family)
  File "/Users/se/Desktop/currency_sniper_bot/venv/lib/python3.9/site-packages/aiohttp/resolver.py", line 40, in resolve
    infos = await self._loop.getaddrinfo(
  File "/Library/Developer/CommandLineTools/Library/Frameworks/Python3.framework/Versions/3.9/lib/python3.9/asyncio/base_events.py", line 856, in getaddrinfo
    return await self.run_in_executor(
  File "/Library/Developer/CommandLineTools/Library/Frameworks/Python3.framework/Versions/3.9/lib/python3.9/concurrent/futures/thread.py", line 52, in run
    result = self.fn(*self.args, **self.kwargs)
  File "/Library/Developer/CommandLineTools/Library/Frameworks/Python3.framework/Versions/3.9/lib/python3.9/socket.py", line 953, in getaddrinfo
    for res in _socket.getaddrinfo(host, port, family, type, proto, flags):
socket.gaierror: [Errno 8] nodename nor servname provided, or not known

The above exception was the direct cause of the following exception:

Traceback (most recent call last):
  File "/Users/se/Desktop/currency_sniper_bot/services/fetcher.py", line 129, in get_binance_p2p_rate
    async with session.post(url, json=payload_BUY) as response_buy:
  File "/Users/se/Desktop/currency_sniper_bot/venv/lib/python3.9/site-packages/aiohttp/client.py", line 1488, in __aenter__
    self._resp: _RetType = await self._coro
  File "/Users/se/Desktop/currency_sniper_bot/venv/lib/python3.9/site-packages/aiohttp/client.py", line 770, in _request
    resp = await handler(req)
  File "/Users/se/Desktop/currency_sniper_bot/venv/lib/python3.9/site-packages/aiohttp/client.py", line 725, in _connect_and_send_request
    conn = await self._connector.connect(
  File "/Users/se/Desktop/currency_sniper_bot/venv/lib/python3.9/site-packages/aiohttp/connector.py", line 642, in connect
    proto = await self._create_connection(req, traces, timeout)
  File "/Users/se/Desktop/currency_sniper_bot/venv/lib/python3.9/site-packages/aiohttp/connector.py", line 1209, in _create_connection
    _, proto = await self._create_direct_connection(req, traces, timeout)
  File "/Users/se/Desktop/currency_sniper_bot/venv/lib/python3.9/site-packages/aiohttp/connector.py", line 1538, in _create_direct_connection
    raise ClientConnectorDNSError(req.connection_key, exc) from exc
aiohttp.client_exceptions.ClientConnectorDNSError: Cannot connect to host p2p.binance.com:443 ssl:default [nodename nor servname provided, or not known]
2026-04-24 16:35:02,486 [ERROR] services.fetcher: Ошибка фетчера (bybit): Cannot connect to host www.bybit.com:443 ssl:default [nodename nor servname provided, or not known]
Traceback (most recent call last):
  File "/Users/se/Desktop/currency_sniper_bot/venv/lib/python3.9/site-packages/aiohttp/connector.py", line 1532, in _create_direct_connection
    hosts = await self._resolve_host(host, port, traces=traces)
  File "/Users/se/Desktop/currency_sniper_bot/venv/lib/python3.9/site-packages/aiohttp/connector.py", line 1148, in _resolve_host
    return await asyncio.shield(resolved_host_task)
  File "/Users/se/Desktop/currency_sniper_bot/venv/lib/python3.9/site-packages/aiohttp/connector.py", line 1179, in _resolve_host_with_throttle
    addrs = await self._resolver.resolve(host, port, family=self._family)
  File "/Users/se/Desktop/currency_sniper_bot/venv/lib/python3.9/site-packages/aiohttp/resolver.py", line 40, in resolve
    infos = await self._loop.getaddrinfo(
  File "/Library/Developer/CommandLineTools/Library/Frameworks/Python3.framework/Versions/3.9/lib/python3.9/asyncio/base_events.py", line 856, in getaddrinfo
    return await self.run_in_executor(
  File "/Library/Developer/CommandLineTools/Library/Frameworks/Python3.framework/Versions/3.9/lib/python3.9/concurrent/futures/thread.py", line 52, in run
    result = self.fn(*self.args, **self.kwargs)
  File "/Library/Developer/CommandLineTools/Library/Frameworks/Python3.framework/Versions/3.9/lib/python3.9/socket.py", line 953, in getaddrinfo
    for res in _socket.getaddrinfo(host, port, family, type, proto, flags):
socket.gaierror: [Errno 8] nodename nor servname provided, or not known

The above exception was the direct cause of the following exception:

Traceback (most recent call last):
  File "/Users/se/Desktop/currency_sniper_bot/services/fetcher.py", line 22, in get_bybit_p2p_rate
    async with session.post(url, json={**_bybit_payload(), "side": "1"}, headers=headers) as r:
  File "/Users/se/Desktop/currency_sniper_bot/venv/lib/python3.9/site-packages/aiohttp/client.py", line 1488, in __aenter__
    self._resp: _RetType = await self._coro
  File "/Users/se/Desktop/currency_sniper_bot/venv/lib/python3.9/site-packages/aiohttp/client.py", line 770, in _request
    resp = await handler(req)
  File "/Users/se/Desktop/currency_sniper_bot/venv/lib/python3.9/site-packages/aiohttp/client.py", line 725, in _connect_and_send_request
    conn = await self._connector.connect(
  File "/Users/se/Desktop/currency_sniper_bot/venv/lib/python3.9/site-packages/aiohttp/connector.py", line 642, in connect
    proto = await self._create_connection(req, traces, timeout)
  File "/Users/se/Desktop/currency_sniper_bot/venv/lib/python3.9/site-packages/aiohttp/connector.py", line 1209, in _create_connection
    _, proto = await self._create_direct_connection(req, traces, timeout)
  File "/Users/se/Desktop/currency_sniper_bot/venv/lib/python3.9/site-packages/aiohttp/connector.py", line 1538, in _create_direct_connection
    raise ClientConnectorDNSError(req.connection_key, exc) from exc
aiohttp.client_exceptions.ClientConnectorDNSError: Cannot connect to host www.bybit.com:443 ssl:default [nodename nor servname provided, or not known]
2026-04-24 16:35:02,487 [ERROR] services.fetcher: Ошибка фетчера (nbk): Cannot connect to host www.nationalbank.kz:443 ssl:default [nodename nor servname provided, or not known]
Traceback (most recent call last):
  File "/Users/se/Desktop/currency_sniper_bot/venv/lib/python3.9/site-packages/aiohttp/connector.py", line 1532, in _create_direct_connection
    hosts = await self._resolve_host(host, port, traces=traces)
  File "/Users/se/Desktop/currency_sniper_bot/venv/lib/python3.9/site-packages/aiohttp/connector.py", line 1148, in _resolve_host
    return await asyncio.shield(resolved_host_task)
  File "/Users/se/Desktop/currency_sniper_bot/venv/lib/python3.9/site-packages/aiohttp/connector.py", line 1179, in _resolve_host_with_throttle
    addrs = await self._resolver.resolve(host, port, family=self._family)
  File "/Users/se/Desktop/currency_sniper_bot/venv/lib/python3.9/site-packages/aiohttp/resolver.py", line 40, in resolve
    infos = await self._loop.getaddrinfo(
  File "/Library/Developer/CommandLineTools/Library/Frameworks/Python3.framework/Versions/3.9/lib/python3.9/asyncio/base_events.py", line 856, in getaddrinfo
    return await self.run_in_executor(
  File "/Library/Developer/CommandLineTools/Library/Frameworks/Python3.framework/Versions/3.9/lib/python3.9/concurrent/futures/thread.py", line 52, in run
    result = self.fn(*self.args, **self.kwargs)
  File "/Library/Developer/CommandLineTools/Library/Frameworks/Python3.framework/Versions/3.9/lib/python3.9/socket.py", line 953, in getaddrinfo
    for res in _socket.getaddrinfo(host, port, family, type, proto, flags):
socket.gaierror: [Errno 8] nodename nor servname provided, or not known

The above exception was the direct cause of the following exception:

Traceback (most recent call last):
  File "/Users/se/Desktop/currency_sniper_bot/services/fetcher.py", line 72, in get_nbk_rate
    async with session.get(url) as response: #отправили запрос get ?
  File "/Users/se/Desktop/currency_sniper_bot/venv/lib/python3.9/site-packages/aiohttp/client.py", line 1488, in __aenter__
    self._resp: _RetType = await self._coro
  File "/Users/se/Desktop/currency_sniper_bot/venv/lib/python3.9/site-packages/aiohttp/client.py", line 770, in _request
    resp = await handler(req)
  File "/Users/se/Desktop/currency_sniper_bot/venv/lib/python3.9/site-packages/aiohttp/client.py", line 725, in _connect_and_send_request
    conn = await self._connector.connect(
  File "/Users/se/Desktop/currency_sniper_bot/venv/lib/python3.9/site-packages/aiohttp/connector.py", line 642, in connect
    proto = await self._create_connection(req, traces, timeout)
  File "/Users/se/Desktop/currency_sniper_bot/venv/lib/python3.9/site-packages/aiohttp/connector.py", line 1209, in _create_connection
    _, proto = await self._create_direct_connection(req, traces, timeout)
  File "/Users/se/Desktop/currency_sniper_bot/venv/lib/python3.9/site-packages/aiohttp/connector.py", line 1538, in _create_direct_connection
    raise ClientConnectorDNSError(req.connection_key, exc) from exc
aiohttp.client_exceptions.ClientConnectorDNSError: Cannot connect to host www.nationalbank.kz:443 ssl:default [nodename nor servname provided, or not known]
2026-04-24 16:35:02,488 [ERROR] services.monitor: Ошибка монитора: local variable 'e' referenced before assignment
Traceback (most recent call last):
  File "/Users/se/Desktop/currency_sniper_bot/services/monitor.py", line 123, in monitor_loop
    logger.error(f"Ошибка монитора: {e}", exc_info=True)
UnboundLocalError: local variable 'e' referenced before assignment
2026-04-24 17:16:59,412 [ERROR] aiogram.dispatcher: Failed to fetch updates - TelegramNetworkError: HTTP Client says - Request timeout error
2026-04-24 17:16:59,412 [WARNING] aiogram.dispatcher: Sleep for 1.000000 seconds and try again... (tryings = 0, bot id = 8776880037)
2026-04-24 17:17:00,417 [ERROR] aiogram.dispatcher: Failed to fetch updates - TelegramNetworkError: HTTP Client says - ClientConnectorError: Cannot connect to host api.telegram.org:443 ssl:default [None]
2026-04-24 17:17:00,417 [WARNING] aiogram.dispatcher: Sleep for 1.151987 seconds and try again... (tryings = 1, bot id = 8776880037)
2026-04-24 17:17:01,573 [ERROR] aiogram.dispatcher: Failed to fetch updates - TelegramNetworkError: HTTP Client says - ClientConnectorError: Cannot connect to host api.telegram.org:443 ssl:default [None]
2026-04-24 17:17:01,573 [WARNING] aiogram.dispatcher: Sleep for 1.474035 seconds and try again... (tryings = 2, bot id = 8776880037)
2026-04-24 17:17:03,051 [ERROR] aiogram.dispatcher: Failed to fetch updates - TelegramNetworkError: HTTP Client says - ClientConnectorError: Cannot connect to host api.telegram.org:443 ssl:default [None]
2026-04-24 17:17:03,051 [WARNING] aiogram.dispatcher: Sleep for 2.046452 seconds and try again... (tryings = 3, bot id = 8776880037)
2026-04-24 17:17:05,101 [ERROR] aiogram.dispatcher: Failed to fetch updates - TelegramNetworkError: HTTP Client says - ClientConnectorError: Cannot connect to host api.telegram.org:443 ssl:default [None]
2026-04-24 17:17:05,102 [WARNING] aiogram.dispatcher: Sleep for 2.725129 seconds and try again... (tryings = 4, bot id = 8776880037)
2026-04-24 17:17:07,831 [ERROR] aiogram.dispatcher: Failed to fetch updates - TelegramNetworkError: HTTP Client says - ClientConnectorError: Cannot connect to host api.telegram.org:443 ssl:default [None]
2026-04-24 17:17:07,832 [WARNING] aiogram.dispatcher: Sleep for 3.483601 seconds and try again... (tryings = 5, bot id = 8776880037)
2026-04-24 17:17:08,359 [ERROR] services.fetcher: Ошибка фетчера (binance): Cannot connect to host p2p.binance.com:443 ssl:default [nodename nor servname provided, or not known]
Traceback (most recent call last):
  File "/Users/se/Desktop/currency_sniper_bot/venv/lib/python3.9/site-packages/aiohttp/connector.py", line 1532, in _create_direct_connection
    hosts = await self._resolve_host(host, port, traces=traces)
  File "/Users/se/Desktop/currency_sniper_bot/venv/lib/python3.9/site-packages/aiohttp/connector.py", line 1148, in _resolve_host
    return await asyncio.shield(resolved_host_task)
  File "/Users/se/Desktop/currency_sniper_bot/venv/lib/python3.9/site-packages/aiohttp/connector.py", line 1179, in _resolve_host_with_throttle
    addrs = await self._resolver.resolve(host, port, family=self._family)
  File "/Users/se/Desktop/currency_sniper_bot/venv/lib/python3.9/site-packages/aiohttp/resolver.py", line 40, in resolve
    infos = await self._loop.getaddrinfo(
  File "/Library/Developer/CommandLineTools/Library/Frameworks/Python3.framework/Versions/3.9/lib/python3.9/asyncio/base_events.py", line 856, in getaddrinfo
    return await self.run_in_executor(
  File "/Library/Developer/CommandLineTools/Library/Frameworks/Python3.framework/Versions/3.9/lib/python3.9/concurrent/futures/thread.py", line 52, in run
    result = self.fn(*self.args, **self.kwargs)
  File "/Library/Developer/CommandLineTools/Library/Frameworks/Python3.framework/Versions/3.9/lib/python3.9/socket.py", line 953, in getaddrinfo
    for res in _socket.getaddrinfo(host, port, family, type, proto, flags):
socket.gaierror: [Errno 8] nodename nor servname provided, or not known

The above exception was the direct cause of the following exception:

Traceback (most recent call last):
  File "/Users/se/Desktop/currency_sniper_bot/services/fetcher.py", line 129, in get_binance_p2p_rate
    async with session.post(url, json=payload_BUY) as response_buy:
  File "/Users/se/Desktop/currency_sniper_bot/venv/lib/python3.9/site-packages/aiohttp/client.py", line 1488, in __aenter__
    self._resp: _RetType = await self._coro
  File "/Users/se/Desktop/currency_sniper_bot/venv/lib/python3.9/site-packages/aiohttp/client.py", line 770, in _request
    resp = await handler(req)
  File "/Users/se/Desktop/currency_sniper_bot/venv/lib/python3.9/site-packages/aiohttp/client.py", line 725, in _connect_and_send_request
    conn = await self._connector.connect(
  File "/Users/se/Desktop/currency_sniper_bot/venv/lib/python3.9/site-packages/aiohttp/connector.py", line 642, in connect
    proto = await self._create_connection(req, traces, timeout)
  File "/Users/se/Desktop/currency_sniper_bot/venv/lib/python3.9/site-packages/aiohttp/connector.py", line 1209, in _create_connection
    _, proto = await self._create_direct_connection(req, traces, timeout)
  File "/Users/se/Desktop/currency_sniper_bot/venv/lib/python3.9/site-packages/aiohttp/connector.py", line 1538, in _create_direct_connection
    raise ClientConnectorDNSError(req.connection_key, exc) from exc
aiohttp.client_exceptions.ClientConnectorDNSError: Cannot connect to host p2p.binance.com:443 ssl:default [nodename nor servname provided, or not known]
2026-04-24 17:17:08,362 [ERROR] services.fetcher: Ошибка фетчера (bybit): Cannot connect to host www.bybit.com:443 ssl:default [nodename nor servname provided, or not known]
Traceback (most recent call last):
  File "/Users/se/Desktop/currency_sniper_bot/venv/lib/python3.9/site-packages/aiohttp/connector.py", line 1532, in _create_direct_connection
    hosts = await self._resolve_host(host, port, traces=traces)
  File "/Users/se/Desktop/currency_sniper_bot/venv/lib/python3.9/site-packages/aiohttp/connector.py", line 1148, in _resolve_host
    return await asyncio.shield(resolved_host_task)
  File "/Users/se/Desktop/currency_sniper_bot/venv/lib/python3.9/site-packages/aiohttp/connector.py", line 1179, in _resolve_host_with_throttle
    addrs = await self._resolver.resolve(host, port, family=self._family)
  File "/Users/se/Desktop/currency_sniper_bot/venv/lib/python3.9/site-packages/aiohttp/resolver.py", line 40, in resolve
    infos = await self._loop.getaddrinfo(
  File "/Library/Developer/CommandLineTools/Library/Frameworks/Python3.framework/Versions/3.9/lib/python3.9/asyncio/base_events.py", line 856, in getaddrinfo
    return await self.run_in_executor(
  File "/Library/Developer/CommandLineTools/Library/Frameworks/Python3.framework/Versions/3.9/lib/python3.9/concurrent/futures/thread.py", line 52, in run
    result = self.fn(*self.args, **self.kwargs)
  File "/Library/Developer/CommandLineTools/Library/Frameworks/Python3.framework/Versions/3.9/lib/python3.9/socket.py", line 953, in getaddrinfo
    for res in _socket.getaddrinfo(host, port, family, type, proto, flags):
socket.gaierror: [Errno 8] nodename nor servname provided, or not known

The above exception was the direct cause of the following exception:

Traceback (most recent call last):
  File "/Users/se/Desktop/currency_sniper_bot/services/fetcher.py", line 22, in get_bybit_p2p_rate
    async with session.post(url, json={**_bybit_payload(), "side": "1"}, headers=headers) as r:
  File "/Users/se/Desktop/currency_sniper_bot/venv/lib/python3.9/site-packages/aiohttp/client.py", line 1488, in __aenter__
    self._resp: _RetType = await self._coro
  File "/Users/se/Desktop/currency_sniper_bot/venv/lib/python3.9/site-packages/aiohttp/client.py", line 770, in _request
    resp = await handler(req)
  File "/Users/se/Desktop/currency_sniper_bot/venv/lib/python3.9/site-packages/aiohttp/client.py", line 725, in _connect_and_send_request
    conn = await self._connector.connect(
  File "/Users/se/Desktop/currency_sniper_bot/venv/lib/python3.9/site-packages/aiohttp/connector.py", line 642, in connect
    proto = await self._create_connection(req, traces, timeout)
  File "/Users/se/Desktop/currency_sniper_bot/venv/lib/python3.9/site-packages/aiohttp/connector.py", line 1209, in _create_connection
    _, proto = await self._create_direct_connection(req, traces, timeout)
  File "/Users/se/Desktop/currency_sniper_bot/venv/lib/python3.9/site-packages/aiohttp/connector.py", line 1538, in _create_direct_connection
    raise ClientConnectorDNSError(req.connection_key, exc) from exc
aiohttp.client_exceptions.ClientConnectorDNSError: Cannot connect to host www.bybit.com:443 ssl:default [nodename nor servname provided, or not known]
2026-04-24 17:17:08,366 [ERROR] services.fetcher: Ошибка фетчера (nbk): Cannot connect to host www.nationalbank.kz:443 ssl:default [nodename nor servname provided, or not known]
Traceback (most recent call last):
  File "/Users/se/Desktop/currency_sniper_bot/venv/lib/python3.9/site-packages/aiohttp/connector.py", line 1532, in _create_direct_connection
    hosts = await self._resolve_host(host, port, traces=traces)
  File "/Users/se/Desktop/currency_sniper_bot/venv/lib/python3.9/site-packages/aiohttp/connector.py", line 1148, in _resolve_host
    return await asyncio.shield(resolved_host_task)
  File "/Users/se/Desktop/currency_sniper_bot/venv/lib/python3.9/site-packages/aiohttp/connector.py", line 1179, in _resolve_host_with_throttle
    addrs = await self._resolver.resolve(host, port, family=self._family)
  File "/Users/se/Desktop/currency_sniper_bot/venv/lib/python3.9/site-packages/aiohttp/resolver.py", line 40, in resolve
    infos = await self._loop.getaddrinfo(
  File "/Library/Developer/CommandLineTools/Library/Frameworks/Python3.framework/Versions/3.9/lib/python3.9/asyncio/base_events.py", line 856, in getaddrinfo
    return await self.run_in_executor(
  File "/Library/Developer/CommandLineTools/Library/Frameworks/Python3.framework/Versions/3.9/lib/python3.9/concurrent/futures/thread.py", line 52, in run
    result = self.fn(*self.args, **self.kwargs)
  File "/Library/Developer/CommandLineTools/Library/Frameworks/Python3.framework/Versions/3.9/lib/python3.9/socket.py", line 953, in getaddrinfo
    for res in _socket.getaddrinfo(host, port, family, type, proto, flags):
socket.gaierror: [Errno 8] nodename nor servname provided, or not known

The above exception was the direct cause of the following exception:

Traceback (most recent call last):
  File "/Users/se/Desktop/currency_sniper_bot/services/fetcher.py", line 72, in get_nbk_rate
    async with session.get(url) as response: #отправили запрос get ?
  File "/Users/se/Desktop/currency_sniper_bot/venv/lib/python3.9/site-packages/aiohttp/client.py", line 1488, in __aenter__
    self._resp: _RetType = await self._coro
  File "/Users/se/Desktop/currency_sniper_bot/venv/lib/python3.9/site-packages/aiohttp/client.py", line 770, in _request
    resp = await handler(req)
  File "/Users/se/Desktop/currency_sniper_bot/venv/lib/python3.9/site-packages/aiohttp/client.py", line 725, in _connect_and_send_request
    conn = await self._connector.connect(
  File "/Users/se/Desktop/currency_sniper_bot/venv/lib/python3.9/site-packages/aiohttp/connector.py", line 642, in connect
    proto = await self._create_connection(req, traces, timeout)
  File "/Users/se/Desktop/currency_sniper_bot/venv/lib/python3.9/site-packages/aiohttp/connector.py", line 1209, in _create_connection
    _, proto = await self._create_direct_connection(req, traces, timeout)
  File "/Users/se/Desktop/currency_sniper_bot/venv/lib/python3.9/site-packages/aiohttp/connector.py", line 1538, in _create_direct_connection
    raise ClientConnectorDNSError(req.connection_key, exc) from exc
aiohttp.client_exceptions.ClientConnectorDNSError: Cannot connect to host www.nationalbank.kz:443 ssl:default [nodename nor servname provided, or not known]
2026-04-24 17:17:08,367 [ERROR] services.monitor: Ошибка монитора: local variable 'e' referenced before assignment
Traceback (most recent call last):
  File "/Users/se/Desktop/currency_sniper_bot/services/monitor.py", line 123, in monitor_loop
    logger.error(f"Ошибка монитора: {e}", exc_info=True)
UnboundLocalError: local variable 'e' referenced before assignment
2026-04-24 17:17:22,092 [INFO] aiogram.dispatcher: Connection established (tryings = 6, bot id = 8776880037)
